{"level":"info","msg":"Starting to process closed ticket releases","number_of_closed_ticket_releases":5,"time":"2024-01-27T21:38:51+01:00"}
{"id":1,"level":"info","msg":"Starting to process ticket release","time":"2024-01-27T21:38:51+01:00"}
{"id":1,"level":"info","msg":"Hello","time":"2024-01-27T21:38:51+01:00"}
{"id":2,"level":"info","msg":"Starting to process ticket release","time":"2024-01-27T21:38:51+01:00"}
{"id":2,"level":"info","msg":"Hello","time":"2024-01-27T21:38:51+01:00"}
{"id":3,"level":"info","msg":"Starting to process ticket release","time":"2024-01-27T21:38:51+01:00"}
{"id":3,"level":"info","msg":"Hello","time":"2024-01-27T21:38:51+01:00"}
{"id":3,"level":"info","msg":"Ticket release has not allocated tickets","time":"2024-01-27T21:38:51+01:00"}
{"id":4,"level":"info","msg":"Starting to process ticket release","time":"2024-01-27T21:38:51+01:00"}
{"id":4,"level":"info","msg":"Hello","time":"2024-01-27T21:38:51+01:00"}
{"id":4,"level":"info","msg":"Finished processing ticket release","time":"2024-01-27T21:38:51+01:00"}
{"id":5,"level":"info","msg":"Starting to process ticket release","time":"2024-01-27T21:38:51+01:00"}
{"id":5,"level":"info","msg":"Hello","time":"2024-01-27T21:38:51+01:00"}
{"id":5,"level":"info","msg":"Ticket release has not allocated tickets","time":"2024-01-27T21:38:51+01:00"}
{"level":"info","msg":"Starting to process closed ticket releases","number_of_closed_ticket_releases":5,"time":"2024-01-27T21:39:01+01:00"}
{"id":1,"level":"info","msg":"Starting to process ticket release","time":"2024-01-27T21:39:01+01:00"}
{"id":1,"level":"info","msg":"Hello","time":"2024-01-27T21:39:01+01:00"}
{"id":2,"level":"info","msg":"Starting to process ticket release","time":"2024-01-27T21:39:01+01:00"}
{"id":2,"level":"info","msg":"Hello","time":"2024-01-27T21:39:01+01:00"}
{"id":3,"level":"info","msg":"Starting to process ticket release","time":"2024-01-27T21:39:01+01:00"}
{"id":3,"level":"info","msg":"Hello","time":"2024-01-27T21:39:01+01:00"}
{"id":3,"level":"info","msg":"Ticket release has not allocated tickets","time":"2024-01-27T21:39:01+01:00"}
{"id":4,"level":"info","msg":"Starting to process ticket release","time":"2024-01-27T21:39:01+01:00"}
{"id":4,"level":"info","msg":"Hello","time":"2024-01-27T21:39:01+01:00"}
{"id":4,"level":"info","msg":"Finished processing ticket release","time":"2024-01-27T21:39:01+01:00"}
{"id":5,"level":"info","msg":"Starting to process ticket release","time":"2024-01-27T21:39:01+01:00"}
{"id":5,"level":"info","msg":"Hello","time":"2024-01-27T21:39:01+01:00"}
{"id":5,"level":"info","msg":"Ticket release has not allocated tickets","time":"2024-01-27T21:39:01+01:00"}
{"level":"info","msg":"Starting to process closed ticket releases","number_of_closed_ticket_releases":5,"time":"2024-01-27T21:39:26+01:00"}
{"id":1,"level":"info","msg":"Starting to process ticket release","time":"2024-01-27T21:39:26+01:00"}
{"id":1,"level":"info","msg":"Hello","time":"2024-01-27T21:39:26+01:00"}
{"id":2,"level":"info","msg":"Starting to process ticket release","time":"2024-01-27T21:39:26+01:00"}
{"id":2,"level":"info","msg":"Hello","time":"2024-01-27T21:39:26+01:00"}
{"id":3,"level":"info","msg":"Starting to process ticket release","time":"2024-01-27T21:39:26+01:00"}
{"id":3,"level":"info","msg":"Hello","time":"2024-01-27T21:39:26+01:00"}
{"id":3,"level":"info","msg":"Ticket release has not allocated tickets","time":"2024-01-27T21:39:26+01:00"}
{"id":4,"level":"info","msg":"Starting to process ticket release","time":"2024-01-27T21:39:26+01:00"}
{"id":4,"level":"info","msg":"Hello","time":"2024-01-27T21:39:26+01:00"}
{"id":5,"level":"info","msg":"Starting to process ticket release","time":"2024-01-27T21:39:26+01:00"}
{"id":5,"level":"info","msg":"Hello","time":"2024-01-27T21:39:26+01:00"}
{"id":5,"level":"info","msg":"Ticket release has not allocated tickets","time":"2024-01-27T21:39:26+01:00"}
{"level":"info","msg":"Starting to process closed ticket releases","number_of_closed_ticket_releases":5,"time":"2024-01-27T21:39:42+01:00"}
{"id":1,"level":"info","msg":"Starting to process ticket release","time":"2024-01-27T21:39:42+01:00"}
{"id":1,"level":"info","msg":"Hello","time":"2024-01-27T21:39:42+01:00"}
{"id":1,"level":"info","msg":"Ticket release has a promo code","time":"2024-01-27T21:39:42+01:00"}
{"id":2,"level":"info","msg":"Starting to process ticket release","time":"2024-01-27T21:39:42+01:00"}
{"id":2,"level":"info","msg":"Hello","time":"2024-01-27T21:39:42+01:00"}
{"id":3,"level":"info","msg":"Starting to process ticket release","time":"2024-01-27T21:39:42+01:00"}
{"id":3,"level":"info","msg":"Hello","time":"2024-01-27T21:39:42+01:00"}
{"id":3,"level":"info","msg":"Ticket release has not allocated tickets","time":"2024-01-27T21:39:42+01:00"}
{"id":4,"level":"info","msg":"Starting to process ticket release","time":"2024-01-27T21:39:42+01:00"}
{"id":4,"level":"info","msg":"Hello","time":"2024-01-27T21:39:42+01:00"}
{"id":4,"level":"info","msg":"Ticket release has a promo code","time":"2024-01-27T21:39:42+01:00"}
{"id":5,"level":"info","msg":"Starting to process ticket release","time":"2024-01-27T21:39:42+01:00"}
{"id":5,"level":"info","msg":"Hello","time":"2024-01-27T21:39:42+01:00"}
{"id":5,"level":"info","msg":"Ticket release has not allocated tickets","time":"2024-01-27T21:39:42+01:00"}
{"level":"info","msg":"Starting to process closed ticket releases","number_of_closed_ticket_releases":5,"time":"2024-01-27T21:39:56+01:00"}
{"id":1,"level":"info","msg":"Starting to process ticket release","time":"2024-01-27T21:39:56+01:00"}
{"id":1,"level":"info","msg":"Ticket release has a promo code","time":"2024-01-27T21:39:56+01:00"}
{"id":2,"level":"info","msg":"Starting to process ticket release","time":"2024-01-27T21:39:56+01:00"}
{"id":3,"level":"info","msg":"Starting to process ticket release","time":"2024-01-27T21:39:56+01:00"}
{"id":3,"level":"info","msg":"Ticket release has not allocated tickets","time":"2024-01-27T21:39:56+01:00"}
{"id":4,"level":"info","msg":"Starting to process ticket release","time":"2024-01-27T21:39:56+01:00"}
{"id":4,"level":"info","msg":"Ticket release has a promo code","time":"2024-01-27T21:39:56+01:00"}
{"id":5,"level":"info","msg":"Starting to process ticket release","time":"2024-01-27T21:39:56+01:00"}
{"id":5,"level":"info","msg":"Ticket release has not allocated tickets","time":"2024-01-27T21:39:56+01:00"}
{"level":"info","msg":"Starting to process closed ticket releases","number_of_closed_ticket_releases":5,"time":"2024-01-27T21:40:06+01:00"}
{"id":1,"level":"info","msg":"Starting to process ticket release","time":"2024-01-27T21:40:06+01:00"}
{"id":1,"level":"info","msg":"Ticket release has a promo code","time":"2024-01-27T21:40:06+01:00"}
{"id":2,"level":"info","msg":"Starting to process ticket release","time":"2024-01-27T21:40:06+01:00"}
{"id":3,"level":"info","msg":"Starting to process ticket release","time":"2024-01-27T21:40:06+01:00"}
{"id":3,"level":"info","msg":"Ticket release has not allocated tickets","time":"2024-01-27T21:40:06+01:00"}
{"id":4,"level":"info","msg":"Starting to process ticket release","time":"2024-01-27T21:40:06+01:00"}
{"id":4,"level":"info","msg":"Ticket release has a promo code","time":"2024-01-27T21:40:06+01:00"}
{"id":5,"level":"info","msg":"Starting to process ticket release","time":"2024-01-27T21:40:06+01:00"}
{"id":5,"level":"info","msg":"Ticket release has not allocated tickets","time":"2024-01-27T21:40:06+01:00"}
{"level":"info","msg":"Starting to process closed ticket releases","number_of_closed_ticket_releases":5,"time":"2024-01-27T21:40:16+01:00"}
{"id":1,"level":"info","msg":"Starting to process ticket release","time":"2024-01-27T21:40:16+01:00"}
{"id":1,"level":"info","msg":"Ticket release has a promo code","time":"2024-01-27T21:40:16+01:00"}
{"id":2,"level":"info","msg":"Starting to process ticket release","time":"2024-01-27T21:40:16+01:00"}
{"id":3,"level":"info","msg":"Starting to process ticket release","time":"2024-01-27T21:40:16+01:00"}
{"id":3,"level":"info","msg":"Ticket release has not allocated tickets","time":"2024-01-27T21:40:16+01:00"}
{"id":4,"level":"info","msg":"Starting to process ticket release","time":"2024-01-27T21:40:16+01:00"}
{"id":4,"level":"info","msg":"Ticket release has a promo code","time":"2024-01-27T21:40:16+01:00"}
{"id":5,"level":"info","msg":"Starting to process ticket release","time":"2024-01-27T21:40:16+01:00"}
{"id":5,"level":"info","msg":"Ticket release has not allocated tickets","time":"2024-01-27T21:40:16+01:00"}
{"level":"info","msg":"Starting to process closed ticket releases","number_of_closed_ticket_releases":5,"time":"2024-01-27T21:40:30+01:00"}
{"id":1,"level":"info","msg":"Starting to process ticket release","time":"2024-01-27T21:40:30+01:00"}
{"id":1,"level":"info","msg":"Ticket release has a promo code","time":"2024-01-27T21:40:30+01:00"}
{"id":2,"level":"info","msg":"Starting to process ticket release","time":"2024-01-27T21:40:30+01:00"}
{"id":2,"level":"error","msg":"Pay within is nil","time":"2024-01-27T21:40:30+01:00"}
{"id":3,"level":"info","msg":"Starting to process ticket release","time":"2024-01-27T21:40:30+01:00"}
{"id":3,"level":"info","msg":"Ticket release has not allocated tickets","time":"2024-01-27T21:40:30+01:00"}
{"id":4,"level":"info","msg":"Starting to process ticket release","time":"2024-01-27T21:40:30+01:00"}
{"id":4,"level":"info","msg":"Ticket release has a promo code","time":"2024-01-27T21:40:30+01:00"}
{"id":5,"level":"info","msg":"Starting to process ticket release","time":"2024-01-27T21:40:30+01:00"}
{"id":5,"level":"info","msg":"Ticket release has not allocated tickets","time":"2024-01-27T21:40:30+01:00"}
{"level":"info","msg":"Starting to process closed ticket releases","number_of_closed_ticket_releases":5,"time":"2024-01-27T21:41:14+01:00"}
{"id":1,"level":"info","msg":"Starting to process ticket release","time":"2024-01-27T21:41:14+01:00"}
{"id":1,"level":"info","msg":"Ticket release has a promo code","time":"2024-01-27T21:41:14+01:00"}
{"id":2,"level":"info","msg":"Starting to process ticket release","time":"2024-01-27T21:41:14+01:00"}
{"id":2,"level":"error","msg":"Pay within is nil","time":"2024-01-27T21:41:14+01:00"}
{"id":3,"level":"info","msg":"Starting to process ticket release","time":"2024-01-27T21:41:14+01:00"}
{"id":3,"level":"info","msg":"Ticket release has not allocated tickets","time":"2024-01-27T21:41:14+01:00"}
{"id":4,"level":"info","msg":"Starting to process ticket release","time":"2024-01-27T21:41:14+01:00"}
{"id":4,"level":"info","msg":"Ticket release has a promo code","time":"2024-01-27T21:41:14+01:00"}
{"id":5,"level":"info","msg":"Starting to process ticket release","time":"2024-01-27T21:41:14+01:00"}
{"id":5,"level":"info","msg":"Ticket release has not allocated tickets","time":"2024-01-27T21:41:14+01:00"}
{"level":"info","msg":"Starting to process closed ticket releases","number_of_closed_ticket_releases":5,"time":"2024-01-27T21:42:08+01:00"}
{"id":1,"level":"info","msg":"Starting to process ticket release","time":"2024-01-27T21:42:08+01:00"}
{"id":1,"level":"info","msg":"Ticket release has a promo code","time":"2024-01-27T21:42:08+01:00"}
{"id":2,"level":"info","msg":"Starting to process ticket release","time":"2024-01-27T21:42:08+01:00"}
{"id":2,"level":"error","msg":"Pay within is nil","time":"2024-01-27T21:42:08+01:00"}
{"id":3,"level":"info","msg":"Starting to process ticket release","time":"2024-01-27T21:42:08+01:00"}
{"id":3,"level":"info","msg":"Ticket release has not allocated tickets","time":"2024-01-27T21:42:08+01:00"}
{"id":4,"level":"info","msg":"Starting to process ticket release","time":"2024-01-27T21:42:08+01:00"}
{"id":4,"level":"info","msg":"Ticket release has a promo code","time":"2024-01-27T21:42:08+01:00"}
{"id":5,"level":"info","msg":"Starting to process ticket release","time":"2024-01-27T21:42:08+01:00"}
{"id":5,"level":"info","msg":"Ticket release has not allocated tickets","time":"2024-01-27T21:42:08+01:00"}
{"level":"info","msg":"Starting to process closed ticket releases","number_of_closed_ticket_releases":5,"time":"2024-01-27T21:42:40+01:00"}
{"id":1,"level":"info","msg":"Starting to process ticket release","time":"2024-01-27T21:42:40+01:00"}
{"id":1,"level":"info","msg":"Ticket release has a promo code","time":"2024-01-27T21:42:40+01:00"}
{"id":2,"level":"info","msg":"Starting to process ticket release","time":"2024-01-27T21:42:40+01:00"}
{"id":2,"level":"error","msg":"Pay within is nil","time":"2024-01-27T21:42:40+01:00"}
{"id":3,"level":"info","msg":"Starting to process ticket release","time":"2024-01-27T21:42:40+01:00"}
{"id":3,"level":"info","msg":"Ticket release has not allocated tickets","time":"2024-01-27T21:42:40+01:00"}
{"id":4,"level":"info","msg":"Starting to process ticket release","time":"2024-01-27T21:42:40+01:00"}
{"id":4,"level":"info","msg":"Ticket release has a promo code","time":"2024-01-27T21:42:40+01:00"}
{"id":5,"level":"info","msg":"Starting to process ticket release","time":"2024-01-27T21:42:40+01:00"}
{"id":5,"level":"info","msg":"Ticket release has not allocated tickets","time":"2024-01-27T21:42:40+01:00"}
{"level":"info","msg":"Starting to process closed ticket releases","number_of_closed_ticket_releases":5,"time":"2024-01-27T21:42:53+01:00"}
{"id":1,"level":"info","msg":"Starting to process ticket release","time":"2024-01-27T21:42:53+01:00"}
{"id":1,"level":"info","msg":"Ticket release has a promo code","time":"2024-01-27T21:42:53+01:00"}
{"id":2,"level":"info","msg":"Starting to process ticket release","time":"2024-01-27T21:42:53+01:00"}
{"id":2,"level":"error","msg":"Pay within is nil","time":"2024-01-27T21:42:53+01:00"}
{"id":3,"level":"info","msg":"Starting to process ticket release","time":"2024-01-27T21:42:53+01:00"}
{"id":3,"level":"info","msg":"Ticket release has not allocated tickets","time":"2024-01-27T21:42:53+01:00"}
{"id":4,"level":"info","msg":"Starting to process ticket release","time":"2024-01-27T21:42:53+01:00"}
{"id":4,"level":"info","msg":"Ticket release has a promo code","time":"2024-01-27T21:42:53+01:00"}
{"id":5,"level":"info","msg":"Starting to process ticket release","time":"2024-01-27T21:42:53+01:00"}
{"id":5,"level":"info","msg":"Ticket release has not allocated tickets","time":"2024-01-27T21:42:53+01:00"}
{"level":"info","msg":"Starting to process closed ticket releases","number_of_closed_ticket_releases":5,"time":"2024-01-27T21:43:03+01:00"}
{"id":1,"level":"info","msg":"Starting to process ticket release","time":"2024-01-27T21:43:03+01:00"}
{"id":1,"level":"info","msg":"Ticket release has a promo code","time":"2024-01-27T21:43:03+01:00"}
{"id":2,"level":"info","msg":"Starting to process ticket release","time":"2024-01-27T21:43:03+01:00"}
{"id":2,"level":"error","msg":"Pay within is nil","time":"2024-01-27T21:43:03+01:00"}
{"id":3,"level":"info","msg":"Starting to process ticket release","time":"2024-01-27T21:43:03+01:00"}
{"id":3,"level":"info","msg":"Ticket release has not allocated tickets","time":"2024-01-27T21:43:03+01:00"}
{"id":4,"level":"info","msg":"Starting to process ticket release","time":"2024-01-27T21:43:03+01:00"}
{"id":4,"level":"info","msg":"Ticket release has a promo code","time":"2024-01-27T21:43:03+01:00"}
{"id":5,"level":"info","msg":"Starting to process ticket release","time":"2024-01-27T21:43:03+01:00"}
{"id":5,"level":"info","msg":"Ticket release has not allocated tickets","time":"2024-01-27T21:43:03+01:00"}
{"level":"info","msg":"Starting to process closed ticket releases","number_of_closed_ticket_releases":5,"time":"2024-01-27T21:43:37+01:00"}
{"id":1,"level":"info","msg":"Starting to process ticket release","time":"2024-01-27T21:43:37+01:00"}
{"id":1,"level":"info","msg":"Ticket release has a promo code","time":"2024-01-27T21:43:37+01:00"}
{"id":2,"level":"info","msg":"Starting to process ticket release","time":"2024-01-27T21:43:37+01:00"}
{"id":2,"level":"error","msg":"Pay within is nil","time":"2024-01-27T21:43:37+01:00"}
{"id":3,"level":"info","msg":"Starting to process ticket release","time":"2024-01-27T21:43:37+01:00"}
{"id":3,"level":"info","msg":"Ticket release has not allocated tickets","time":"2024-01-27T21:43:37+01:00"}
{"id":4,"level":"info","msg":"Starting to process ticket release","time":"2024-01-27T21:43:37+01:00"}
{"id":4,"level":"info","msg":"Ticket release has a promo code","time":"2024-01-27T21:43:37+01:00"}
{"id":5,"level":"info","msg":"Starting to process ticket release","time":"2024-01-27T21:43:37+01:00"}
{"id":5,"level":"info","msg":"Ticket release has not allocated tickets","time":"2024-01-27T21:43:37+01:00"}
{"level":"info","msg":"Starting to process closed ticket releases","number_of_closed_ticket_releases":5,"time":"2024-01-27T21:43:52+01:00"}
{"id":1,"level":"info","msg":"Starting to process ticket release","time":"2024-01-27T21:43:52+01:00"}
{"id":1,"level":"info","msg":"Ticket release has a promo code","time":"2024-01-27T21:43:52+01:00"}
{"id":2,"level":"info","msg":"Starting to process ticket release","time":"2024-01-27T21:43:52+01:00"}
{"id":2,"level":"error","msg":"Pay within is nil","time":"2024-01-27T21:43:52+01:00"}
{"id":3,"level":"info","msg":"Starting to process ticket release","time":"2024-01-27T21:43:52+01:00"}
{"id":3,"level":"info","msg":"Ticket release has not allocated tickets","time":"2024-01-27T21:43:52+01:00"}
{"id":4,"level":"info","msg":"Starting to process ticket release","time":"2024-01-27T21:43:52+01:00"}
{"id":4,"level":"info","msg":"Ticket release has a promo code","time":"2024-01-27T21:43:52+01:00"}
{"id":5,"level":"info","msg":"Starting to process ticket release","time":"2024-01-27T21:43:52+01:00"}
{"id":5,"level":"info","msg":"Ticket release has not allocated tickets","time":"2024-01-27T21:43:52+01:00"}
{"level":"info","msg":"Starting to process closed ticket releases","number_of_closed_ticket_releases":5,"time":"2024-01-27T21:44:02+01:00"}
{"id":1,"level":"info","msg":"Starting to process ticket release","time":"2024-01-27T21:44:02+01:00"}
{"id":1,"level":"info","msg":"Ticket release has a promo code","time":"2024-01-27T21:44:02+01:00"}
{"id":2,"level":"info","msg":"Starting to process ticket release","time":"2024-01-27T21:44:02+01:00"}
{"id":2,"level":"error","msg":"Pay within is nil","time":"2024-01-27T21:44:02+01:00"}
{"id":3,"level":"info","msg":"Starting to process ticket release","time":"2024-01-27T21:44:02+01:00"}
{"id":3,"level":"info","msg":"Ticket release has not allocated tickets","time":"2024-01-27T21:44:02+01:00"}
{"id":4,"level":"info","msg":"Starting to process ticket release","time":"2024-01-27T21:44:02+01:00"}
{"id":4,"level":"info","msg":"Ticket release has a promo code","time":"2024-01-27T21:44:02+01:00"}
{"id":5,"level":"info","msg":"Starting to process ticket release","time":"2024-01-27T21:44:02+01:00"}
{"id":5,"level":"info","msg":"Ticket release has not allocated tickets","time":"2024-01-27T21:44:02+01:00"}
{"level":"info","msg":"Starting to process closed ticket releases","number_of_closed_ticket_releases":5,"time":"2024-01-27T21:44:12+01:00"}
{"id":1,"level":"info","msg":"Starting to process ticket release","time":"2024-01-27T21:44:12+01:00"}
{"id":1,"level":"info","msg":"Ticket release has a promo code","time":"2024-01-27T21:44:12+01:00"}
{"id":2,"level":"info","msg":"Starting to process ticket release","time":"2024-01-27T21:44:12+01:00"}
{"id":2,"level":"error","msg":"Pay within is nil","time":"2024-01-27T21:44:12+01:00"}
{"id":3,"level":"info","msg":"Starting to process ticket release","time":"2024-01-27T21:44:12+01:00"}
{"id":3,"level":"info","msg":"Ticket release has not allocated tickets","time":"2024-01-27T21:44:12+01:00"}
{"id":4,"level":"info","msg":"Starting to process ticket release","time":"2024-01-27T21:44:12+01:00"}
{"id":4,"level":"info","msg":"Ticket release has a promo code","time":"2024-01-27T21:44:12+01:00"}
{"id":5,"level":"info","msg":"Starting to process ticket release","time":"2024-01-27T21:44:12+01:00"}
{"id":5,"level":"info","msg":"Ticket release has not allocated tickets","time":"2024-01-27T21:44:12+01:00"}
{"level":"info","msg":"Starting to process closed ticket releases","number_of_closed_ticket_releases":5,"time":"2024-01-27T21:44:22+01:00"}
{"id":1,"level":"info","msg":"Starting to process ticket release","time":"2024-01-27T21:44:22+01:00"}
{"id":1,"level":"info","msg":"Ticket release has a promo code","time":"2024-01-27T21:44:22+01:00"}
{"id":2,"level":"info","msg":"Starting to process ticket release","time":"2024-01-27T21:44:22+01:00"}
{"id":2,"level":"error","msg":"Pay within is nil","time":"2024-01-27T21:44:22+01:00"}
{"id":3,"level":"info","msg":"Starting to process ticket release","time":"2024-01-27T21:44:22+01:00"}
{"id":3,"level":"info","msg":"Ticket release has not allocated tickets","time":"2024-01-27T21:44:22+01:00"}
{"id":4,"level":"info","msg":"Starting to process ticket release","time":"2024-01-27T21:44:22+01:00"}
{"id":4,"level":"info","msg":"Ticket release has a promo code","time":"2024-01-27T21:44:22+01:00"}
{"id":5,"level":"info","msg":"Starting to process ticket release","time":"2024-01-27T21:44:22+01:00"}
{"id":5,"level":"info","msg":"Ticket release has not allocated tickets","time":"2024-01-27T21:44:22+01:00"}
{"level":"info","msg":"Starting to process closed ticket releases","number_of_closed_ticket_releases":5,"time":"2024-01-27T21:44:32+01:00"}
{"id":1,"level":"info","msg":"Starting to process ticket release","time":"2024-01-27T21:44:32+01:00"}
{"id":1,"level":"info","msg":"Ticket release has a promo code","time":"2024-01-27T21:44:32+01:00"}
{"id":2,"level":"info","msg":"Starting to process ticket release","time":"2024-01-27T21:44:32+01:00"}
{"id":2,"level":"error","msg":"Pay within is nil","time":"2024-01-27T21:44:32+01:00"}
{"id":3,"level":"info","msg":"Starting to process ticket release","time":"2024-01-27T21:44:32+01:00"}
{"id":3,"level":"info","msg":"Ticket release has not allocated tickets","time":"2024-01-27T21:44:32+01:00"}
{"id":4,"level":"info","msg":"Starting to process ticket release","time":"2024-01-27T21:44:32+01:00"}
{"id":4,"level":"info","msg":"Ticket release has a promo code","time":"2024-01-27T21:44:32+01:00"}
{"id":5,"level":"info","msg":"Starting to process ticket release","time":"2024-01-27T21:44:32+01:00"}
{"id":5,"level":"info","msg":"Ticket release has not allocated tickets","time":"2024-01-27T21:44:32+01:00"}
{"level":"info","msg":"Starting to process closed ticket releases","number_of_closed_ticket_releases":5,"time":"2024-01-27T21:44:48+01:00"}
{"id":1,"level":"info","msg":"Starting to process ticket release","time":"2024-01-27T21:44:48+01:00"}
{"id":1,"level":"info","msg":"Ticket release has a promo code","time":"2024-01-27T21:44:48+01:00"}
{"id":2,"level":"info","msg":"Starting to process ticket release","time":"2024-01-27T21:44:48+01:00"}
{"id":2,"level":"error","msg":"Pay within is nil","time":"2024-01-27T21:44:48+01:00"}
{"id":3,"level":"info","msg":"Starting to process ticket release","time":"2024-01-27T21:44:48+01:00"}
{"id":3,"level":"info","msg":"Ticket release has not allocated tickets","time":"2024-01-27T21:44:48+01:00"}
{"id":4,"level":"info","msg":"Starting to process ticket release","time":"2024-01-27T21:44:48+01:00"}
{"id":4,"level":"info","msg":"Ticket release has a promo code","time":"2024-01-27T21:44:48+01:00"}
{"id":5,"level":"info","msg":"Starting to process ticket release","time":"2024-01-27T21:44:48+01:00"}
{"id":5,"level":"info","msg":"Ticket release has not allocated tickets","time":"2024-01-27T21:44:48+01:00"}
{"level":"info","msg":"Starting to process closed ticket releases","number_of_closed_ticket_releases":5,"time":"2024-01-27T21:44:58+01:00"}
{"id":1,"level":"info","msg":"Starting to process ticket release","time":"2024-01-27T21:44:58+01:00"}
{"id":1,"level":"info","msg":"Ticket release has a promo code","time":"2024-01-27T21:44:58+01:00"}
{"id":2,"level":"info","msg":"Starting to process ticket release","time":"2024-01-27T21:44:58+01:00"}
{"id":2,"level":"error","msg":"Pay within is nil","time":"2024-01-27T21:44:58+01:00"}
{"id":3,"level":"info","msg":"Starting to process ticket release","time":"2024-01-27T21:44:58+01:00"}
{"id":3,"level":"info","msg":"Ticket release has not allocated tickets","time":"2024-01-27T21:44:58+01:00"}
{"id":4,"level":"info","msg":"Starting to process ticket release","time":"2024-01-27T21:44:58+01:00"}
{"id":4,"level":"info","msg":"Ticket release has a promo code","time":"2024-01-27T21:44:58+01:00"}
{"id":5,"level":"info","msg":"Starting to process ticket release","time":"2024-01-27T21:44:58+01:00"}
{"id":5,"level":"info","msg":"Ticket release has not allocated tickets","time":"2024-01-27T21:44:58+01:00"}
{"level":"info","msg":"Starting to process closed ticket releases","number_of_closed_ticket_releases":5,"time":"2024-01-27T21:45:08+01:00"}
{"id":1,"level":"info","msg":"Starting to process ticket release","time":"2024-01-27T21:45:08+01:00"}
{"id":1,"level":"info","msg":"Ticket release has a promo code","time":"2024-01-27T21:45:08+01:00"}
{"id":2,"level":"info","msg":"Starting to process ticket release","time":"2024-01-27T21:45:08+01:00"}
{"id":2,"level":"error","msg":"Pay within is nil","time":"2024-01-27T21:45:08+01:00"}
{"id":3,"level":"info","msg":"Starting to process ticket release","time":"2024-01-27T21:45:08+01:00"}
{"id":3,"level":"info","msg":"Ticket release has not allocated tickets","time":"2024-01-27T21:45:08+01:00"}
{"id":4,"level":"info","msg":"Starting to process ticket release","time":"2024-01-27T21:45:08+01:00"}
{"id":4,"level":"info","msg":"Ticket release has a promo code","time":"2024-01-27T21:45:08+01:00"}
{"id":5,"level":"info","msg":"Starting to process ticket release","time":"2024-01-27T21:45:08+01:00"}
{"id":5,"level":"info","msg":"Ticket release has not allocated tickets","time":"2024-01-27T21:45:08+01:00"}
{"level":"info","msg":"Starting to process closed ticket releases","number_of_closed_ticket_releases":5,"time":"2024-01-27T21:45:31+01:00"}
{"id":1,"level":"info","msg":"Starting to process ticket release","time":"2024-01-27T21:45:31+01:00"}
{"id":1,"level":"info","msg":"Ticket release has a promo code","time":"2024-01-27T21:45:31+01:00"}
{"id":2,"level":"info","msg":"Starting to process ticket release","time":"2024-01-27T21:45:31+01:00"}
{"id":2,"level":"error","msg":"Pay within is nil","time":"2024-01-27T21:45:31+01:00"}
{"id":3,"level":"info","msg":"Starting to process ticket release","time":"2024-01-27T21:45:31+01:00"}
{"id":3,"level":"info","msg":"Ticket release has not allocated tickets","time":"2024-01-27T21:45:31+01:00"}
{"id":4,"level":"info","msg":"Starting to process ticket release","time":"2024-01-27T21:45:31+01:00"}
{"id":4,"level":"info","msg":"Ticket release has a promo code","time":"2024-01-27T21:45:31+01:00"}
{"id":5,"level":"info","msg":"Starting to process ticket release","time":"2024-01-27T21:45:31+01:00"}
{"id":5,"level":"info","msg":"Ticket release has not allocated tickets","time":"2024-01-27T21:45:31+01:00"}
{"level":"info","msg":"AllocateReserveTicketsJob took 8.022859ms","time":"2024-01-27T21:45:31+01:00"}
{"level":"info","msg":"Starting to process closed ticket releases","number_of_closed_ticket_releases":5,"time":"2024-01-27T21:45:41+01:00"}
{"id":1,"level":"info","msg":"Starting to process ticket release","time":"2024-01-27T21:45:41+01:00"}
{"id":1,"level":"info","msg":"Ticket release has a promo code","time":"2024-01-27T21:45:41+01:00"}
{"id":2,"level":"info","msg":"Starting to process ticket release","time":"2024-01-27T21:45:41+01:00"}
{"id":2,"level":"error","msg":"Pay within is nil","time":"2024-01-27T21:45:41+01:00"}
{"id":3,"level":"info","msg":"Starting to process ticket release","time":"2024-01-27T21:45:41+01:00"}
{"id":3,"level":"info","msg":"Ticket release has not allocated tickets","time":"2024-01-27T21:45:41+01:00"}
{"id":4,"level":"info","msg":"Starting to process ticket release","time":"2024-01-27T21:45:41+01:00"}
{"id":4,"level":"info","msg":"Ticket release has a promo code","time":"2024-01-27T21:45:41+01:00"}
{"id":5,"level":"info","msg":"Starting to process ticket release","time":"2024-01-27T21:45:41+01:00"}
{"id":5,"level":"info","msg":"Ticket release has not allocated tickets","time":"2024-01-27T21:45:41+01:00"}
{"level":"info","msg":"AllocateReserveTicketsJob took 8.496117ms","time":"2024-01-27T21:45:41+01:00"}
